<?xml version="1.0" encoding="UTF-8"?>
<!-- Generated by org.testng.reporters.JUnitReportReporter -->
<testsuite hostname="LAPTOP-N1ASVGNK" failures="0" tests="1" name="practise.AppiumFramework.Ecommerce_tc_3" time="67.209" errors="0" timestamp="2022-06-29T13:11:34 IST" skipped="0">
  <testcase classname="practise.AppiumFramework.Ecommerce_tc_3" name="e2eValidation" time="67.209"/>
  <system-out/>
</testsuite> <!-- practise.AppiumFramework.Ecommerce_tc_3 -->
